{
  "RSpec": {
    "coverage": {
      "/Users/student/Documents/week14/tech-tests/01-bank-tech-test/spec/bank_account_spec.rb": [
        null,
        null,
        1,
        null,
        null,
        1,
        1,
        1,
        1,
        1,
        1,
        null,
        null,
        null,
        null,
        1,
        1,
        1,
        1,
        1,
        null,
        null,
        null,
        1,
        1,
        1,
        1,
        1,
        1,
        1,
        null,
        null,
        1,
        1,
        1,
        2,
        null,
        null,
        null,
        null
      ],
      "/Users/student/Documents/week14/tech-tests/01-bank-tech-test/lib/bank_account.rb": [
        null,
        null,
        null,
        1,
        1,
        1,
        4,
        null,
        null,
        1,
        null,
        3,
        null,
        null,
        1,
        1,
        null,
        null,
        0,
        null,
        null
      ]
    },
    "timestamp": 1582731293
  }
}
